writeCommonTags: couldn't write 'year' tag to 'authors/nohidea/tracks/c'est la vie.m4a' as it's not a positive integer
writeCommonTags: couldn't write 'track' tag to 'authors/nohidea/tracks/c'est la vie.m4a' as it's not a positive integer
writeCommonTags: couldn't write 'year' tag to 'authors/nohidea/tracks/everything will be okay.wav' as it's not a positive integer
writeCommonTags: couldn't write 'track' tag to 'authors/nohidea/tracks/everything will be okay.wav' as it's not a positive integer
writeCommonTags: couldn't write 'year' tag to 'authors/nohidea/tracks/falling down (ft. shiloh).wav' as it's not a positive integer
writeCommonTags: couldn't write 'track' tag to 'authors/nohidea/tracks/falling down (ft. shiloh).wav' as it's not a positive integer
writeCommonTags: couldn't write 'year' tag to 'authors/nohidea/tracks/gardenia.wav' as it's not a positive integer
writeCommonTags: couldn't write 'track' tag to 'authors/nohidea/tracks/gardenia.wav' as it's not a positive integer
writeCommonTags: couldn't write 'year' tag to 'authors/nohidea/tracks/green tea.wav' as it's not a positive integer
writeCommonTags: couldn't write 'track' tag to 'authors/nohidea/tracks/green tea.wav' as it's not a positive integer
writeCommonTags: couldn't write 'year' tag to 'authors/nohidea/tracks/happy hour.wav' as it's not a positive integer
writeCommonTags: couldn't write 'track' tag to 'authors/nohidea/tracks/happy hour.wav' as it's not a positive integer
writeCommonTags: couldn't write 'year' tag to 'authors/nohidea/tracks/happy.wav' as it's not a positive integer
writeCommonTags: couldn't write 'track' tag to 'authors/nohidea/tracks/happy.wav' as it's not a positive integer
writeCommonTags: couldn't write 'year' tag to 'authors/nohidea/tracks/i'll miss you.wav' as it's not a positive integer
writeCommonTags: couldn't write 'track' tag to 'authors/nohidea/tracks/i'll miss you.wav' as it's not a positive integer
writeCommonTags: couldn't write 'year' tag to 'authors/nohidea/tracks/jewel.wav' as it's not a positive integer
writeCommonTags: couldn't write 'track' tag to 'authors/nohidea/tracks/jewel.wav' as it's not a positive integer
writeCommonTags: couldn't write 'year' tag to 'authors/nohidea/tracks/neon desert.wav' as it's not a positive integer
writeCommonTags: couldn't write 'track' tag to 'authors/nohidea/tracks/neon desert.wav' as it's not a positive integer
writeCommonTags: couldn't write 'year' tag to 'authors/nohidea/tracks/restless [w. philanthrope].wav' as it's not a positive integer
writeCommonTags: couldn't write 'track' tag to 'authors/nohidea/tracks/restless [w. philanthrope].wav' as it's not a positive integer
writeCommonTags: couldn't write 'year' tag to 'authors/nohidea/tracks/sanctuary [w. sleepdealer].m4a' as it's not a positive integer
writeCommonTags: couldn't write 'track' tag to 'authors/nohidea/tracks/sanctuary [w. sleepdealer].m4a' as it's not a positive integer
writeCommonTags: couldn't write 'year' tag to 'authors/nohidea/tracks/thirteen. [w_ idealism] (from 'blank space' LP).wav' as it's not a positive integer
writeCommonTags: couldn't write 'track' tag to 'authors/nohidea/tracks/thirteen. [w_ idealism] (from 'blank space' LP).wav' as it's not a positive integer
writeCommonTags: couldn't write 'year' tag to 'authors/nohidea/tracks/tick tock.m4a' as it's not a positive integer
writeCommonTags: couldn't write 'track' tag to 'authors/nohidea/tracks/tick tock.m4a' as it's not a positive integer
writeCommonTags: couldn't write 'year' tag to 'authors/nohidea/tracks/you don't have to cry.wav' as it's not a positive integer
writeCommonTags: couldn't write 'track' tag to 'authors/nohidea/tracks/you don't have to cry.wav' as it's not a positive integer
